<?xml version="1.0" encoding="UTF-8"?>
<!-- Generated by org.testng.reporters.JUnitReportReporter -->
<testsuite hostname="DESKTOP-I4B7NNS" failures="0" tests="3" name="twitter.testcases.loginAndRegistration.LoginTests" time="93.747" errors="0" timestamp="07 Apr 2021 14:35:48 GMT" skipped="0">
  <testcase classname="twitter.testcases.loginAndRegistration.LoginTests" name="tc_001" time="36.569"/>
  <testcase classname="twitter.testcases.loginAndRegistration.LoginTests" name="tc_001" time="34.844"/>
  <testcase classname="twitter.testcases.loginAndRegistration.LoginTests" name="tc_001" time="22.334"/>
</testsuite> <!-- twitter.testcases.loginAndRegistration.LoginTests -->
