<?xml version="1.0" encoding="UTF-8"?>
<!-- Generated by org.testng.reporters.JUnitReportReporter -->
<testsuite hostname="DESKTOP-I4B7NNS" failures="0" tests="3" name="twitter.testcases.console.TweetTests" time="14.087" errors="0" timestamp="07 Apr 2021 11:04:41 GMT" skipped="0">
  <testcase classname="twitter.testcases.console.TweetTests" name="tc_001_Login" time="13.920"/>
  <testcase classname="twitter.testcases.console.TweetTests" name="tc_002_Tweet" time="0.083"/>
  <testcase classname="twitter.testcases.console.TweetTests" name="tc_003_Check_Recent_Tweet" time="0.084"/>
</testsuite> <!-- twitter.testcases.console.TweetTests -->
