<?xml version="1.0" encoding="UTF-8"?>
<!-- Generated by org.testng.reporters.JUnitReportReporter -->
<testsuite hostname="DESKTOP-I4B7NNS" failures="0" tests="5" name="twitter.testcases.console.ProfileTest" time="47.865" errors="0" timestamp="07 Apr 2021 11:04:41 GMT" skipped="0">
  <testcase classname="twitter.testcases.console.ProfileTest" name="tc_001_Login" time="14.237"/>
  <testcase classname="twitter.testcases.console.ProfileTest" name="tc_002_Profile_Tab" time="4.257"/>
  <testcase classname="twitter.testcases.console.ProfileTest" name="tc_003_Overall_Profile_Checks" time="12.658"/>
  <testcase classname="twitter.testcases.console.ProfileTest" name="tc_004_Profile_Followers_and_Following_Checks" time="8.378"/>
  <testcase classname="twitter.testcases.console.ProfileTest" name="tc_005_Profile_Logout" time="8.335"/>
</testsuite> <!-- twitter.testcases.console.ProfileTest -->
