<?xml version="1.0" encoding="UTF-8"?>
<!-- Generated by org.testng.reporters.JUnitReportReporter -->
<testsuite hostname="DESKTOP-I4B7NNS" failures="0" tests="3" name="twitter.testcases.TC_HealthCheck" time="33.884" errors="0" timestamp="07 Apr 2021 14:52:26 GMT" skipped="0">
  <testcase classname="twitter.testcases.TC_HealthCheck" name="tc_001" time="9.099"/>
  <testcase classname="twitter.testcases.TC_HealthCheck" name="tc_002" time="11.663"/>
  <testcase classname="twitter.testcases.TC_HealthCheck" name="tc_003" time="13.122"/>
</testsuite> <!-- twitter.testcases.TC_HealthCheck -->
