<?xml version="1.0" encoding="UTF-8"?>
<!-- Generated by org.testng.reporters.JUnitReportReporter -->
<testsuite hostname="DESKTOP-I4B7NNS" failures="0" tests="2" name="twitter.testcases.TC_HealthCheck" time="1.230" errors="0" timestamp="05 Apr 2021 10:38:49 GMT" skipped="0">
  <testcase classname="twitter.testcases.TC_HealthCheck" name="tc_001" time="0.549"/>
  <testcase classname="twitter.testcases.TC_HealthCheck" name="tc_001" time="0.681"/>
</testsuite> <!-- twitter.testcases.TC_HealthCheck -->
