<?xml version="1.0" encoding="UTF-8"?>
<!-- Generated by org.testng.reporters.JUnitReportReporter -->
<testsuite hostname="DESKTOP-I4B7NNS" failures="0" tests="1" name="twitter.testcases.TC_001_Smoke_Test" time="0.302" errors="0" timestamp="30 Mar 2021 06:16:48 GMT" skipped="0">
  <testcase classname="twitter.testcases.TC_001_Smoke_Test" name="tc_001" time="0.302"/>
</testsuite> <!-- twitter.testcases.TC_001_Smoke_Test -->
