<?xml version="1.0" encoding="UTF-8"?>
<!-- Generated by org.testng.reporters.JUnitReportReporter -->
<testsuite hostname="DESKTOP-I4B7NNS" failures="0" tests="3" name="twitter.testcases.console.SearchTests" time="18.987" errors="0" timestamp="07 Apr 2021 11:04:41 GMT" skipped="0">
  <testcase classname="twitter.testcases.console.SearchTests" name="tc_001_Login" time="14.256"/>
  <testcase classname="twitter.testcases.console.SearchTests" name="tc_002_CheckSearch_Person" time="4.637"/>
  <testcase classname="twitter.testcases.console.SearchTests" name="tc_003_CheckSearch_Hashtag" time="0.094"/>
</testsuite> <!-- twitter.testcases.console.SearchTests -->
