<?xml version="1.0" encoding="UTF-8"?>
<!-- Generated by org.testng.reporters.JUnitReportReporter -->
<testsuite hostname="DESKTOP-I4B7NNS" failures="0" tests="1" name="twitter.testcases.loginAndRegistration.LoginTests" time="14.726" errors="0" timestamp="05 Apr 2021 10:29:06 GMT" skipped="0">
  <testcase classname="twitter.testcases.loginAndRegistration.LoginTests" name="tc_001" time="14.726"/>
</testsuite> <!-- twitter.testcases.loginAndRegistration.LoginTests -->
