<?xml version="1.0" encoding="UTF-8"?>
<!-- Generated by org.testng.reporters.JUnitReportReporter -->
<testsuite hostname="DESKTOP-I4B7NNS" failures="0" tests="5" name="twitter.testcases.console.ProfileTest" time="47.365" errors="0" timestamp="05 Apr 2021 10:38:49 GMT" skipped="0">
  <testcase classname="twitter.testcases.console.ProfileTest" name="tc_001_Login" time="13.940"/>
  <testcase classname="twitter.testcases.console.ProfileTest" name="tc_002_Profile_Tab" time="4.190"/>
  <testcase classname="twitter.testcases.console.ProfileTest" name="tc_003_Overall_Profile_Checks" time="12.578"/>
  <testcase classname="twitter.testcases.console.ProfileTest" name="tc_004_Profile_Followers_and_Following_Checks" time="8.361"/>
  <testcase classname="twitter.testcases.console.ProfileTest" name="tc_005_Profile_Logout" time="8.296"/>
</testsuite> <!-- twitter.testcases.console.ProfileTest -->
